<?xml version="1.0" encoding="UTF-8"?>
<!-- Generated by org.testng.reporters.JUnitXMLReporter -->
<testsuite hostname="Pallavi" ignored="0" name="Default test" tests="14" failures="0" timestamp="31 Aug 2021 15:07:33 GMT" time="0.488" errors="0">
  <testcase name="@BeforeTest setup" time="0.0" classname="com.qa.parabank.Base.BaseTest">
    <failure type="org.testng.TestNGException" message="
Parameter &amp;apos;browser&amp;apos; is required by BeforeTest on method setup but has not been marked @Optional or defined
in C:\Users\Pallavi Tambe\AppData\Local\Temp\testng-eclipse-62176657\testng-customsuite.xml">
      <![CDATA[org.testng.TestNGException: 
Parameter 'browser' is required by BeforeTest on method setup but has not been marked @Optional or defined
in C:\Users\Pallavi Tambe\AppData\Local\Temp\testng-eclipse-62176657\testng-customsuite.xml
at org.testng.internal.Parameters.createParams(Parameters.java:290)
at org.testng.internal.Parameters.createParametersForMethod(Parameters.java:359)
at org.testng.internal.Parameters.createParameters(Parameters.java:620)
at org.testng.internal.Parameters.createConfigurationParameters(Parameters.java:190)
at org.testng.internal.Invoker.invokeConfigurations(Invoker.java:209)
at org.testng.internal.Invoker.invokeConfigurations(Invoker.java:142)
at org.testng.TestRunner.beforeRun(TestRunner.java:529)
at org.testng.TestRunner.run(TestRunner.java:497)
at org.testng.SuiteRunner.runTest(SuiteRunner.java:455)
at org.testng.SuiteRunner.runSequentially(SuiteRunner.java:450)
at org.testng.SuiteRunner.privateRun(SuiteRunner.java:415)
at org.testng.SuiteRunner.run(SuiteRunner.java:364)
at org.testng.SuiteRunnerWorker.runSuite(SuiteRunnerWorker.java:52)
at org.testng.SuiteRunnerWorker.run(SuiteRunnerWorker.java:84)
at org.testng.TestNG.runSuitesSequentially(TestNG.java:1208)
at org.testng.TestNG.runSuitesLocally(TestNG.java:1137)
at org.testng.TestNG.runSuites(TestNG.java:1049)
at org.testng.TestNG.run(TestNG.java:1017)
at org.testng.remote.AbstractRemoteTestNG.run(AbstractRemoteTestNG.java:115)
at org.testng.remote.RemoteTestNG.initAndRun(RemoteTestNG.java:251)
at org.testng.remote.RemoteTestNG.main(RemoteTestNG.java:77)
]]>
    </failure>
  </testcase> <!-- @BeforeTest setup -->
  <testcase name="@AfterTest tearDown" time="0.0" classname="com.qa.parabank.Base.BaseTest">
    <skipped/>
  </testcase> <!-- @AfterTest tearDown -->
  <testcase name="verifyPageTitle" time="0.0" classname="com.qa.parabank.Tests.LoginPageTest">
    <skipped/>
  </testcase> <!-- verifyPageTitle -->
  <testcase name="verifyParaBankLogo" time="0.0" classname="com.qa.parabank.Tests.LoginPageTest">
    <skipped/>
  </testcase> <!-- verifyParaBankLogo -->
  <testcase name="verifyMenuList" time="0.0" classname="com.qa.parabank.Tests.LoginPageTest">
    <skipped/>
  </testcase> <!-- verifyMenuList -->
  <testcase name="verifyHomeIcon" time="0.0" classname="com.qa.parabank.Tests.LoginPageTest">
    <skipped/>
  </testcase> <!-- verifyHomeIcon -->
  <testcase name="verifyAboutIcon" time="0.0" classname="com.qa.parabank.Tests.LoginPageTest">
    <skipped/>
  </testcase> <!-- verifyAboutIcon -->
  <testcase name="verifyContactIcon" time="0.0" classname="com.qa.parabank.Tests.LoginPageTest">
    <skipped/>
  </testcase> <!-- verifyContactIcon -->
  <testcase name="verifyLoginText" time="0.0" classname="com.qa.parabank.Tests.LoginPageTest">
    <skipped/>
  </testcase> <!-- verifyLoginText -->
  <testcase name="verifyAtmServicesLinkTest" time="0.0" classname="com.qa.parabank.Tests.LoginPageTest">
    <skipped/>
  </testcase> <!-- verifyAtmServicesLinkTest -->
  <testcase name="verifyOnlineServicesLinkTest" time="0.0" classname="com.qa.parabank.Tests.LoginPageTest">
    <skipped/>
  </testcase> <!-- verifyOnlineServicesLinkTest -->
  <testcase name="verifyLatestNewsText" time="0.0" classname="com.qa.parabank.Tests.LoginPageTest">
    <skipped/>
  </testcase> <!-- verifyLatestNewsText -->
  <testcase name="verifyNewsLink" time="0.0" classname="com.qa.parabank.Tests.LoginPageTest">
    <skipped/>
  </testcase> <!-- verifyNewsLink -->
  <testcase name="verifyForgotLoginLink" time="0.0" classname="com.qa.parabank.Tests.LoginPageTest">
    <skipped/>
  </testcase> <!-- verifyForgotLoginLink -->
  <testcase name="verifyRegisterLink" time="0.0" classname="com.qa.parabank.Tests.LoginPageTest">
    <skipped/>
  </testcase> <!-- verifyRegisterLink -->
  <testcase name="verifyLoginTest" time="0.0" classname="com.qa.parabank.Tests.LoginPageTest">
    <skipped/>
  </testcase> <!-- verifyLoginTest -->
</testsuite> <!-- Default test -->
